<?xml version="1.0" encoding="UTF-8"?>
<testng-results skipped="0" failed="0" total="1" passed="1">
  <reporter-output>
  </reporter-output>
  <suite name="Default suite" duration-ms="19569" started-at="2023-05-30T03:26:13Z" finished-at="2023-05-30T03:26:32Z">
    <groups>
    </groups>
    <test name="Default test" duration-ms="19569" started-at="2023-05-30T03:26:13Z" finished-at="2023-05-30T03:26:32Z">
      <class name="com.orangeHRM.testCases.Test_LoginFunctionality">
        <test-method status="PASS" signature="beforeSuite()[pri:0, instance:com.orangeHRM.testCases.Test_LoginFunctionality@dfd3711]" name="beforeSuite" is-config="true" duration-ms="24" started-at="2023-05-30T08:56:13Z" finished-at="2023-05-30T08:56:13Z">
          <reporter-output>
          </reporter-output>
        </test-method> <!-- beforeSuite -->
        <test-method status="PASS" signature="beforeMethod()[pri:0, instance:com.orangeHRM.testCases.Test_LoginFunctionality@dfd3711]" name="beforeMethod" is-config="true" duration-ms="7860" started-at="2023-05-30T08:56:13Z" finished-at="2023-05-30T08:56:21Z">
          <reporter-output>
          </reporter-output>
        </test-method> <!-- beforeMethod -->
        <test-method status="PASS" signature="validateLoginPage()[pri:0, instance:com.orangeHRM.testCases.Test_LoginFunctionality@dfd3711]" name="validateLoginPage" duration-ms="9645" started-at="2023-05-30T08:56:21Z" finished-at="2023-05-30T08:56:30Z">
          <reporter-output>
          </reporter-output>
        </test-method> <!-- validateLoginPage -->
        <test-method status="PASS" signature="afterMethod()[pri:0, instance:com.orangeHRM.testCases.Test_LoginFunctionality@dfd3711]" name="afterMethod" is-config="true" duration-ms="2050" started-at="2023-05-30T08:56:30Z" finished-at="2023-05-30T08:56:32Z">
          <reporter-output>
          </reporter-output>
        </test-method> <!-- afterMethod -->
        <test-method status="PASS" signature="afterSuite()[pri:0, instance:com.orangeHRM.testCases.Test_LoginFunctionality@dfd3711]" name="afterSuite" is-config="true" duration-ms="1" started-at="2023-05-30T08:56:32Z" finished-at="2023-05-30T08:56:32Z">
          <reporter-output>
          </reporter-output>
        </test-method> <!-- afterSuite -->
      </class> <!-- com.orangeHRM.testCases.Test_LoginFunctionality -->
    </test> <!-- Default test -->
  </suite> <!-- Default suite -->
</testng-results>
